<?xml version="1.0" encoding="UTF-8"?>
<testng-results total="2" passed="2" failed="0" skipped="0">
  <reporter-output>
    <line>
      <![CDATA[Application Opened]]>
    </line>
    <line>
      <![CDATA[Login Completed]]>
    </line>
    <line>
      <![CDATA[Logout Completed]]>
    </line>
    <line>
      <![CDATA[Application Close]]>
    </line>
    <line>
      <![CDATA[Application Opened]]>
    </line>
    <line>
      <![CDATA[Login Completed]]>
    </line>
    <line>
      <![CDATA[Enter into frame]]>
    </line>
    <line>
      <![CDATA[New Emp Added]]>
    </line>
    <line>
      <![CDATA[Exit the Frame]]>
    </line>
    <line>
      <![CDATA[Logout Completed]]>
    </line>
    <line>
      <![CDATA[Application Close]]>
    </line>
  </reporter-output>
  <suite started-at="2022-10-15T16:23:55Z" name="Suite1" finished-at="2022-10-15T16:26:50Z" duration-ms="175388">
    <groups>
    </groups>
    <test started-at="2022-10-15T16:23:55Z" name="Nopackage" finished-at="2022-10-15T16:26:50Z" duration-ms="175388">
      <class name="com.hrms.testscripts.TC001">
        <test-method signature="tc001()[pri:0, instance:com.hrms.testscripts.TC001@3e0e1046]" started-at="2022-10-15T21:53:55Z" name="tc001" finished-at="2022-10-15T21:55:26Z" duration-ms="91856" status="PASS">
          <reporter-output>
            <line>
              <![CDATA[Application Opened]]>
            </line>
            <line>
              <![CDATA[Login Completed]]>
            </line>
            <line>
              <![CDATA[Logout Completed]]>
            </line>
            <line>
              <![CDATA[Application Close]]>
            </line>
          </reporter-output>
        </test-method> <!-- tc001 -->
      </class> <!-- com.hrms.testscripts.TC001 -->
      <class name="com.hrms.testscripts.TC002">
        <test-method signature="tc002()[pri:0, instance:com.hrms.testscripts.TC002@5efa40fe]" started-at="2022-10-15T21:55:26Z" name="tc002" finished-at="2022-10-15T21:56:50Z" duration-ms="83512" status="PASS">
          <reporter-output>
            <line>
              <![CDATA[Application Opened]]>
            </line>
            <line>
              <![CDATA[Login Completed]]>
            </line>
            <line>
              <![CDATA[Enter into frame]]>
            </line>
            <line>
              <![CDATA[New Emp Added]]>
            </line>
            <line>
              <![CDATA[Exit the Frame]]>
            </line>
            <line>
              <![CDATA[Logout Completed]]>
            </line>
            <line>
              <![CDATA[Application Close]]>
            </line>
          </reporter-output>
        </test-method> <!-- tc002 -->
      </class> <!-- com.hrms.testscripts.TC002 -->
    </test> <!-- Nopackage -->
  </suite> <!-- Suite1 -->
</testng-results>
